<?xml version="1.0" encoding="UTF-8"?>
<!-- Generated by org.testng.reporters.JUnitReportReporter -->
<testsuite skipped="0" hostname="DESKTOP-9SROG5L" name="com.mortgagecalculator.tests.Test1" tests="1" failures="0" timestamp="24 Nov 2018 02:15:35 GMT" time="45.768" errors="0">
  <testcase name="calculatePMI" time="45.768" classname="com.mortgagecalculator.tests.Test1"/>
</testsuite> <!-- com.mortgagecalculator.tests.Test1 -->
