<?xml version="1.0" encoding="UTF-8"?>
<!-- Generated by org.testng.reporters.JUnitReportReporter -->
<testsuite skipped="0" hostname="DESKTOP-9SROG5L" name="com.demoaut.tours.tests.LogIntoNewTours" tests="2" failures="0" timestamp="22 Nov 2018 21:22:48 GMT" time="162.414" errors="0">
  <testcase name="logInWithInvalidCredentials" time="80.539" classname="com.demoaut.tours.tests.LogIntoNewTours"/>
  <testcase name="logInWithValidCredentials" time="81.875" classname="com.demoaut.tours.tests.LogIntoNewTours"/>
</testsuite> <!-- com.demoaut.tours.tests.LogIntoNewTours -->
