<?xml version="1.0" encoding="UTF-8"?>
<!-- Generated by org.testng.reporters.JUnitReportReporter -->
<testsuite skipped="0" hostname="DESKTOP-9SROG5L" name="com.demoaut.tours.tests.RegisterForNewTours" tests="1" failures="0" timestamp="22 Nov 2018 21:22:48 GMT" time="80.751" errors="0">
  <testcase name="registerTheUserProfile" time="80.751" classname="com.demoaut.tours.tests.RegisterForNewTours"/>
</testsuite> <!-- com.demoaut.tours.tests.RegisterForNewTours -->
