<?xml version="1.0" encoding="UTF-8"?>
<!-- Generated by org.testng.reporters.JUnitReportReporter -->
<testsuite skipped="0" hostname="DESKTOP-9SROG5L" name="com.demoaut.tours.tests.RegisterForNewTours" tests="1" failures="0" timestamp="19 Nov 2018 18:43:50 GMT" time="30.378" errors="0">
  <testcase name="registerTheUserProfile" time="30.378" classname="com.demoaut.tours.tests.RegisterForNewTours"/>
</testsuite> <!-- com.demoaut.tours.tests.RegisterForNewTours -->
